Using pre-set license
Built from '2020.3/staging' branch; Version is '2020.3.4f1 (0abb6314276a) revision 703331'; Using compiler version '192528614'; Build Type 'Release'
OS: 'Windows 10 Pro; OS build 19041.985; Version 2004; 64bit' Language: 'es' Physical Memory: 16283 MB
BatchMode: 1, IsHumanControllingUs: 0, StartBugReporterOnCrash: 0, Is64bit: 1, IsPro: 0

 COMMAND LINE ARGUMENTS:
C:\Program Files\Unity\Hub\Editor\2020.3.4f1\Editor\Unity.exe
-adb2
-batchMode
-noUpm
-name
AssetImportWorker0
-projectPath
C:/Users/MAURO/Documents/Unity/Solis_Mauro_Top-Down_Shooter
-logFile
Logs/AssetImportWorker0.log
-srvPort
50215
Successfully changed project path to: C:/Users/MAURO/Documents/Unity/Solis_Mauro_Top-Down_Shooter
C:/Users/MAURO/Documents/Unity/Solis_Mauro_Top-Down_Shooter
Using Asset Import Pipeline V2.
Refreshing native plugins compatible for Editor in 68.54 ms, found 1 plugins.
Preloading 0 native plugins for Editor in 0.00 ms.
Initialize engine version: 2020.3.4f1 (0abb6314276a)
[Subsystems] Discovering subsystems at path C:/Program Files/Unity/Hub/Editor/2020.3.4f1/Editor/Data/Resources/UnitySubsystems
[Subsystems] Discovering subsystems at path C:/Users/MAURO/Documents/Unity/Solis_Mauro_Top-Down_Shooter/Assets
GfxDevice: creating device client; threaded=0
Direct3D:
    Version:  Direct3D 11.0 [level 11.1]
    Renderer: Radeon RX 580 Series (ID=0x67df)
    Vendor:   
    VRAM:     8171 MB
    Driver:   27.20.14501.18003
Initialize mono
Mono path[0] = 'C:/Program Files/Unity/Hub/Editor/2020.3.4f1/Editor/Data/Managed'
Mono path[1] = 'C:/Program Files/Unity/Hub/Editor/2020.3.4f1/Editor/Data/MonoBleedingEdge/lib/mono/unityjit'
Mono config path = 'C:/Program Files/Unity/Hub/Editor/2020.3.4f1/Editor/Data/MonoBleedingEdge/etc'
Using monoOptions --debugger-agent=transport=dt_socket,embedding=1,server=y,suspend=n,address=127.0.0.1:56220
Begin MonoManager ReloadAssembly
Registering precompiled unity dll's ...
Register platform support module: C:/Program Files/Unity/Hub/Editor/2020.3.4f1/Editor/Data/PlaybackEngines/WindowsStandaloneSupport/UnityEditor.WindowsStandalone.Extensions.dll
Registered in 0.005057 seconds.
Native extension for WindowsStandalone target not found
Refreshing native plugins compatible for Editor in 65.90 ms, found 1 plugins.
Preloading 0 native plugins for Editor in 0.00 ms.
Mono: successfully reloaded assembly
- Completed reload, in  2.478 seconds
Platform modules already initialized, skipping
Registering precompiled user dll's ...
Registered in 0.001814 seconds.
Begin MonoManager ReloadAssembly
Native extension for WindowsStandalone target not found
Refreshing native plugins compatible for Editor in 47.76 ms, found 1 plugins.
Preloading 0 native plugins for Editor in 0.00 ms.
Mono: successfully reloaded assembly
- Completed reload, in  1.251 seconds
Platform modules already initialized, skipping
========================================================================
Worker process is ready to serve import requests
Launched and connected shader compiler UnityShaderCompiler.exe after 0.07 seconds
Refreshing native plugins compatible for Editor in 0.39 ms, found 1 plugins.
Preloading 0 native plugins for Editor in 0.00 ms.
Unloading 1809 Unused Serialized files (Serialized files now loaded: 0)
System memory in use before: 85.0 MB.
System memory in use after: 84.9 MB.

Unloading 24 unused Assets to reduce memory usage. Loaded Objects now: 2253.
Total: 2.471400 ms (FindLiveObjects: 0.237000 ms CreateObjectMapping: 0.121500 ms MarkObjects: 1.990100 ms  DeleteObjects: 0.121900 ms)

========================================================================
Received Import Request.
  path: Assets/Scenes/Main Menú.unity
  artifactKey: Guid(69d5c63ff6b147b4682685d3ee87ca29) Importer(815301076,1909f56bfc062723c751e8b465ee728b)
Start importing Assets/Scenes/Main Menú.unity using Guid(69d5c63ff6b147b4682685d3ee87ca29) Importer(815301076,1909f56bfc062723c751e8b465ee728b)  -> (artifact id: '41a61dd0681e4085ad729d5a214edf83') in 0.015133 seconds
  Import took 0.018755 seconds .

========================================================================
Received Import Request.
  Time since last request: 36072.705913 seconds.
  path: Assets
  artifactKey: Guid(00000000000000001000000000000000) Importer(815301076,1909f56bfc062723c751e8b465ee728b)
Start importing Assets using Guid(00000000000000001000000000000000) Importer(815301076,1909f56bfc062723c751e8b465ee728b)  -> (artifact id: '025e4f587c23674256bb898581e82961') in 0.009836 seconds
  Import took 0.057344 seconds .

========================================================================
Received Import Request.
  Time since last request: 8.146849 seconds.
  path: Assets/Sprites
  artifactKey: Guid(a7532834d62fb224c8fd884f2c404d1f) Importer(815301076,1909f56bfc062723c751e8b465ee728b)
Start importing Assets/Sprites using Guid(a7532834d62fb224c8fd884f2c404d1f) Importer(815301076,1909f56bfc062723c751e8b465ee728b)  -> (artifact id: '1ba0b267c59553402355990aec7d2285') in 0.003762 seconds
  Import took 0.008162 seconds .

========================================================================
Received Import Request.
  Time since last request: 17.879442 seconds.
  path: Assets/Prefabs
  artifactKey: Guid(8266b56c26fa7584bb8dff69cb890dcf) Importer(815301076,1909f56bfc062723c751e8b465ee728b)
Start importing Assets/Prefabs using Guid(8266b56c26fa7584bb8dff69cb890dcf) Importer(815301076,1909f56bfc062723c751e8b465ee728b)  -> (artifact id: '2f31360ccff5180626198a7a476f5b4b') in 0.004878 seconds
  Import took 0.010271 seconds .

========================================================================
Received Import Request.
  Time since last request: 126.967020 seconds.
  path: Packages/com.unity.2d.sprite/package.json
  artifactKey: Guid(7dc5f1e5d04ac8549ac21802071e983b) Importer(815301076,1909f56bfc062723c751e8b465ee728b)
Start importing Packages/com.unity.2d.sprite/package.json using Guid(7dc5f1e5d04ac8549ac21802071e983b) Importer(815301076,1909f56bfc062723c751e8b465ee728b)  -> (artifact id: 'acf5d22dec77362e4d769f38abb2ef93') in 0.205826 seconds
  Import took 0.210779 seconds .

========================================================================
Received Import Request.
  Time since last request: 5.457989 seconds.
  path: Packages/com.unity.2d.sprite/Editor
  artifactKey: Guid(16fa2ad734f422245b86558310973ad1) Importer(815301076,1909f56bfc062723c751e8b465ee728b)
Start importing Packages/com.unity.2d.sprite/Editor using Guid(16fa2ad734f422245b86558310973ad1) Importer(815301076,1909f56bfc062723c751e8b465ee728b)  -> (artifact id: '64221c6686cc01c6f8edfbe05ebf0862') in 0.004645 seconds
  Import took 0.012333 seconds .

========================================================================
Received Import Request.
  Time since last request: 0.075479 seconds.
  path: Packages/com.unity.2d.sprite/Editor/Unity.2D.Sprite.Editor.asmdef
  artifactKey: Guid(2c573e6b271651846a79655161004c5b) Importer(815301076,1909f56bfc062723c751e8b465ee728b)
Start importing Packages/com.unity.2d.sprite/Editor/Unity.2D.Sprite.Editor.asmdef using Guid(2c573e6b271651846a79655161004c5b) Importer(815301076,1909f56bfc062723c751e8b465ee728b)  -> (artifact id: '5fe8f7feca6ffe230de0721004bc505b') in 0.010636 seconds
  Import took 0.016987 seconds .

========================================================================
Received Prepare
Registering precompiled user dll's ...
Registered in 0.001508 seconds.
Begin MonoManager ReloadAssembly
Native extension for WindowsStandalone target not found
Refreshing native plugins compatible for Editor in 28.49 ms, found 0 plugins.
Preloading 0 native plugins for Editor in 0.00 ms.
Mono: successfully reloaded assembly
- Completed reload, in  1.173 seconds
Platform modules already initialized, skipping
Refreshing native plugins compatible for Editor in 0.23 ms, found 0 plugins.
Preloading 0 native plugins for Editor in 0.00 ms.
Unloading 1111 Unused Serialized files (Serialized files now loaded: 0)
System memory in use before: 70.3 MB.
System memory in use after: 70.4 MB.

Unloading 233 unused Assets to reduce memory usage. Loaded Objects now: 2025.
Total: 2.347200 ms (FindLiveObjects: 0.242300 ms CreateObjectMapping: 0.106700 ms MarkObjects: 1.776600 ms  DeleteObjects: 0.205500 ms)

========================================================================
Received Import Request.
  Time since last request: 291.106077 seconds.
  path: Assets/Sprites/New Physics Material 2D.physicsMaterial2D
  artifactKey: Guid(418c1dc8a58da8e4dbd44ca5061e80fb) Importer(815301076,1909f56bfc062723c751e8b465ee728b)
Start importing Assets/Sprites/New Physics Material 2D.physicsMaterial2D using Guid(418c1dc8a58da8e4dbd44ca5061e80fb) Importer(815301076,1909f56bfc062723c751e8b465ee728b)  -> (artifact id: '920dbac7677f22cdbd00f61b0aa5ae58') in 0.018211 seconds
  Import took 0.022796 seconds .

========================================================================
Received Import Request.
  Time since last request: 587.470497 seconds.
  path: Assets/Sprites/Bullet.jpeg
  artifactKey: Guid(f1e401076e9dbba4db40da8e26e8b7d3) Importer(815301076,1909f56bfc062723c751e8b465ee728b)
Start importing Assets/Sprites/Bullet.jpeg using Guid(f1e401076e9dbba4db40da8e26e8b7d3) Importer(815301076,1909f56bfc062723c751e8b465ee728b)  -> (artifact id: '56393cb97635cf4a6504da2fde20903b') in 0.150136 seconds
  Import took 0.154236 seconds .

========================================================================
Received Import Request.
  Time since last request: 0.000265 seconds.
  path: Assets/Sprites/Player.jpeg
  artifactKey: Guid(b7b2543a2d0ce4247a3b5c69f6756bf4) Importer(815301076,1909f56bfc062723c751e8b465ee728b)
Start importing Assets/Sprites/Player.jpeg using Guid(b7b2543a2d0ce4247a3b5c69f6756bf4) Importer(815301076,1909f56bfc062723c751e8b465ee728b)  -> (artifact id: 'b6004a66e63badddee994c47d01202cc') in 0.011619 seconds
  Import took 0.015352 seconds .

========================================================================
Received Import Request.
  Time since last request: 0.000449 seconds.
  path: Assets/Sprites/Wall.jpeg
  artifactKey: Guid(d6a0e2f58ce385e4885ee3ca5190edae) Importer(815301076,1909f56bfc062723c751e8b465ee728b)
Start importing Assets/Sprites/Wall.jpeg using Guid(d6a0e2f58ce385e4885ee3ca5190edae) Importer(815301076,1909f56bfc062723c751e8b465ee728b)  -> (artifact id: 'ca8dc0e4ea9ce4c5d6d3b8fb3b5dcb5a') in 0.011033 seconds
  Import took 0.016104 seconds .

========================================================================
Received Import Request.
  Time since last request: 0.000433 seconds.
  path: Assets/Sprites/Floor.jpeg
  artifactKey: Guid(f6b5c5641b7970d4c8f574528bb45b5c) Importer(815301076,1909f56bfc062723c751e8b465ee728b)
Start importing Assets/Sprites/Floor.jpeg using Guid(f6b5c5641b7970d4c8f574528bb45b5c) Importer(815301076,1909f56bfc062723c751e8b465ee728b)  -> (artifact id: '3d7d70abaa8e56bd2bf27072e565629f') in 0.015285 seconds
  Import took 0.020295 seconds .

========================================================================
Received Import Request.
  Time since last request: 0.000351 seconds.
  path: Assets/Sprites/Enemy.jpeg
  artifactKey: Guid(348cec8390ad4004795841b71524848c) Importer(815301076,1909f56bfc062723c751e8b465ee728b)
Start importing Assets/Sprites/Enemy.jpeg using Guid(348cec8390ad4004795841b71524848c) Importer(815301076,1909f56bfc062723c751e8b465ee728b)  -> (artifact id: '75ce933cdb94248763a44525ffd82ced') in 0.012825 seconds
  Import took 0.016685 seconds .

========================================================================
Received Import Request.
  Time since last request: 458.812810 seconds.
  path: Assets/Sprites/Bullet.png
  artifactKey: Guid(d63c7cf7382851b4e9177af9d84495a0) Importer(815301076,1909f56bfc062723c751e8b465ee728b)
Start importing Assets/Sprites/Bullet.png using Guid(d63c7cf7382851b4e9177af9d84495a0) Importer(815301076,1909f56bfc062723c751e8b465ee728b)  -> (artifact id: '767c32248afc902a922fe94f1b0e6cea') in 0.021178 seconds
  Import took 0.025281 seconds .

========================================================================
Received Import Request.
  Time since last request: 0.000283 seconds.
  path: Assets/Sprites/Enemy.png
  artifactKey: Guid(1b3d5eede2ca96c4aad9f8484c39ec2e) Importer(815301076,1909f56bfc062723c751e8b465ee728b)
Start importing Assets/Sprites/Enemy.png using Guid(1b3d5eede2ca96c4aad9f8484c39ec2e) Importer(815301076,1909f56bfc062723c751e8b465ee728b)  -> (artifact id: 'ce4b1f69c882ddeb8d309fbcdc01e1a1') in 0.009875 seconds
  Import took 0.014787 seconds .

========================================================================
Received Import Request.
  Time since last request: 0.000345 seconds.
  path: Assets/Sprites/Player.png
  artifactKey: Guid(b0869ee12fb445b4eb30f393f4cb6880) Importer(815301076,1909f56bfc062723c751e8b465ee728b)
Start importing Assets/Sprites/Player.png using Guid(b0869ee12fb445b4eb30f393f4cb6880) Importer(815301076,1909f56bfc062723c751e8b465ee728b)  -> (artifact id: 'eb45b5be3c6fbd7e44623b4b630e3f99') in 0.010349 seconds
  Import took 0.014637 seconds .

========================================================================
Received Import Request.
  Time since last request: 97.865787 seconds.
  path: Assets/Scrips
  artifactKey: Guid(0966e0ad2c1c3284cb163de51a817371) Importer(815301076,1909f56bfc062723c751e8b465ee728b)
Start importing Assets/Scrips using Guid(0966e0ad2c1c3284cb163de51a817371) Importer(815301076,1909f56bfc062723c751e8b465ee728b)  -> (artifact id: 'b0e06ca08613ee78a6fa973c3bfcf726') in 0.005038 seconds
  Import took 0.009160 seconds .

========================================================================
Received Prepare
Registering precompiled user dll's ...
Registered in 0.001173 seconds.
Begin MonoManager ReloadAssembly
Native extension for WindowsStandalone target not found
Refreshing native plugins compatible for Editor in 0.23 ms, found 0 plugins.
Preloading 0 native plugins for Editor in 0.00 ms.
Mono: successfully reloaded assembly
- Completed reload, in  1.030 seconds
Platform modules already initialized, skipping
Refreshing native plugins compatible for Editor in 0.22 ms, found 0 plugins.
Preloading 0 native plugins for Editor in 0.00 ms.
Unloading 1112 Unused Serialized files (Serialized files now loaded: 0)
System memory in use before: 69.0 MB.
System memory in use after: 69.1 MB.

Unloading 5 unused Assets to reduce memory usage. Loaded Objects now: 2039.
Total: 2.027000 ms (FindLiveObjects: 0.224800 ms CreateObjectMapping: 0.050000 ms MarkObjects: 1.679800 ms  DeleteObjects: 0.071300 ms)

========================================================================
Received Prepare
Registering precompiled user dll's ...
Registered in 0.001054 seconds.
Begin MonoManager ReloadAssembly
Native extension for WindowsStandalone target not found
Refreshing native plugins compatible for Editor in 0.25 ms, found 0 plugins.
Preloading 0 native plugins for Editor in 0.00 ms.
Mono: successfully reloaded assembly
- Completed reload, in  0.996 seconds
Platform modules already initialized, skipping
Refreshing native plugins compatible for Editor in 0.22 ms, found 0 plugins.
Preloading 0 native plugins for Editor in 0.00 ms.
Unloading 1112 Unused Serialized files (Serialized files now loaded: 0)
System memory in use before: 69.0 MB.
System memory in use after: 69.1 MB.

Unloading 5 unused Assets to reduce memory usage. Loaded Objects now: 2042.
Total: 2.007400 ms (FindLiveObjects: 0.319500 ms CreateObjectMapping: 0.095600 ms MarkObjects: 1.532100 ms  DeleteObjects: 0.058800 ms)

========================================================================
Received Import Request.
  Time since last request: 82.301604 seconds.
  path: Assets/Scrips/Player.cs
  artifactKey: Guid(2fcab61c96fffe2418ce9032c0f006f3) Importer(815301076,1909f56bfc062723c751e8b465ee728b)
Start importing Assets/Scrips/Player.cs using Guid(2fcab61c96fffe2418ce9032c0f006f3) Importer(815301076,1909f56bfc062723c751e8b465ee728b)  -> (artifact id: 'ac32e2b6f619f9ffbf202d59183b44b8') in 0.014198 seconds
  Import took 0.019361 seconds .

========================================================================
Received Import Request.
  Time since last request: 0.024074 seconds.
  path: Assets/Scrips/Player.cs
  artifactKey: Guid(2fcab61c96fffe2418ce9032c0f006f3) Importer(815301076,1909f56bfc062723c751e8b465ee728b)
Start importing Assets/Scrips/Player.cs using Guid(2fcab61c96fffe2418ce9032c0f006f3) Importer(815301076,1909f56bfc062723c751e8b465ee728b)  -> (artifact id: 'ac32e2b6f619f9ffbf202d59183b44b8') in 0.003879 seconds
  Import took 0.007809 seconds .

========================================================================
Received Prepare
Registering precompiled user dll's ...
Registered in 0.001150 seconds.
Begin MonoManager ReloadAssembly
Native extension for WindowsStandalone target not found
Refreshing native plugins compatible for Editor in 0.53 ms, found 0 plugins.
Preloading 0 native plugins for Editor in 0.00 ms.
Mono: successfully reloaded assembly
- Completed reload, in  1.294 seconds
Platform modules already initialized, skipping
Refreshing native plugins compatible for Editor in 0.84 ms, found 0 plugins.
Preloading 0 native plugins for Editor in 0.00 ms.
Unloading 1112 Unused Serialized files (Serialized files now loaded: 0)
System memory in use before: 69.0 MB.
System memory in use after: 69.0 MB.

Unloading 5 unused Assets to reduce memory usage. Loaded Objects now: 2045.
Total: 2.380900 ms (FindLiveObjects: 0.353200 ms CreateObjectMapping: 0.101100 ms MarkObjects: 1.846200 ms  DeleteObjects: 0.078700 ms)

========================================================================
Received Prepare
Registering precompiled user dll's ...
Registered in 0.001054 seconds.
Begin MonoManager ReloadAssembly
Native extension for WindowsStandalone target not found
Refreshing native plugins compatible for Editor in 0.62 ms, found 0 plugins.
Preloading 0 native plugins for Editor in 0.00 ms.
Mono: successfully reloaded assembly
- Completed reload, in  1.476 seconds
Platform modules already initialized, skipping
Refreshing native plugins compatible for Editor in 2.04 ms, found 0 plugins.
Preloading 0 native plugins for Editor in 0.00 ms.
Unloading 1112 Unused Serialized files (Serialized files now loaded: 0)
System memory in use before: 69.0 MB.
System memory in use after: 69.1 MB.

Unloading 5 unused Assets to reduce memory usage. Loaded Objects now: 2048.
Total: 2.663800 ms (FindLiveObjects: 0.578300 ms CreateObjectMapping: 0.188600 ms MarkObjects: 1.815500 ms  DeleteObjects: 0.077000 ms)

========================================================================
Received Prepare
Registering precompiled user dll's ...
Registered in 0.001455 seconds.
Begin MonoManager ReloadAssembly
Native extension for WindowsStandalone target not found
Refreshing native plugins compatible for Editor in 0.27 ms, found 0 plugins.
Preloading 0 native plugins for Editor in 0.00 ms.
Mono: successfully reloaded assembly
- Completed reload, in  0.961 seconds
Platform modules already initialized, skipping
Refreshing native plugins compatible for Editor in 0.22 ms, found 0 plugins.
Preloading 0 native plugins for Editor in 0.00 ms.
Unloading 1112 Unused Serialized files (Serialized files now loaded: 0)
System memory in use before: 69.0 MB.
System memory in use after: 69.1 MB.

Unloading 5 unused Assets to reduce memory usage. Loaded Objects now: 2051.
Total: 2.134200 ms (FindLiveObjects: 0.232600 ms CreateObjectMapping: 0.107900 ms MarkObjects: 1.742400 ms  DeleteObjects: 0.050400 ms)

========================================================================
Received Prepare
Registering precompiled user dll's ...
Registered in 0.001058 seconds.
Begin MonoManager ReloadAssembly
Native extension for WindowsStandalone target not found
Refreshing native plugins compatible for Editor in 0.22 ms, found 0 plugins.
Preloading 0 native plugins for Editor in 0.00 ms.
Mono: successfully reloaded assembly
- Completed reload, in  0.935 seconds
Platform modules already initialized, skipping
Refreshing native plugins compatible for Editor in 0.37 ms, found 0 plugins.
Preloading 0 native plugins for Editor in 0.00 ms.
Unloading 1112 Unused Serialized files (Serialized files now loaded: 0)
System memory in use before: 69.1 MB.
System memory in use after: 69.1 MB.

Unloading 5 unused Assets to reduce memory usage. Loaded Objects now: 2054.
Total: 2.631800 ms (FindLiveObjects: 0.255900 ms CreateObjectMapping: 0.178400 ms MarkObjects: 2.090500 ms  DeleteObjects: 0.106000 ms)

========================================================================
Received Prepare
Registering precompiled user dll's ...
Registered in 0.001809 seconds.
Begin MonoManager ReloadAssembly
Native extension for WindowsStandalone target not found
Refreshing native plugins compatible for Editor in 0.24 ms, found 0 plugins.
Preloading 0 native plugins for Editor in 0.00 ms.
Mono: successfully reloaded assembly
- Completed reload, in  0.914 seconds
Platform modules already initialized, skipping
Refreshing native plugins compatible for Editor in 0.22 ms, found 0 plugins.
Preloading 0 native plugins for Editor in 0.00 ms.
Unloading 1112 Unused Serialized files (Serialized files now loaded: 0)
System memory in use before: 69.0 MB.
System memory in use after: 69.1 MB.

Unloading 5 unused Assets to reduce memory usage. Loaded Objects now: 2057.
Total: 1.981500 ms (FindLiveObjects: 0.182700 ms CreateObjectMapping: 0.097200 ms MarkObjects: 1.650000 ms  DeleteObjects: 0.050600 ms)

========================================================================
Received Prepare
Registering precompiled user dll's ...
Registered in 0.001155 seconds.
Begin MonoManager ReloadAssembly
Native extension for WindowsStandalone target not found
Refreshing native plugins compatible for Editor in 0.27 ms, found 0 plugins.
Preloading 0 native plugins for Editor in 0.00 ms.
Mono: successfully reloaded assembly
- Completed reload, in  0.961 seconds
Platform modules already initialized, skipping
Refreshing native plugins compatible for Editor in 0.22 ms, found 0 plugins.
Preloading 0 native plugins for Editor in 0.00 ms.
Unloading 1112 Unused Serialized files (Serialized files now loaded: 0)
System memory in use before: 69.1 MB.
System memory in use after: 69.1 MB.

Unloading 5 unused Assets to reduce memory usage. Loaded Objects now: 2060.
Total: 2.075400 ms (FindLiveObjects: 0.180200 ms CreateObjectMapping: 0.064200 ms MarkObjects: 1.780100 ms  DeleteObjects: 0.050000 ms)

========================================================================
Received Prepare
Registering precompiled user dll's ...
Registered in 0.001110 seconds.
Begin MonoManager ReloadAssembly
Native extension for WindowsStandalone target not found
Refreshing native plugins compatible for Editor in 0.22 ms, found 0 plugins.
Preloading 0 native plugins for Editor in 0.00 ms.
Mono: successfully reloaded assembly
- Completed reload, in  0.906 seconds
Platform modules already initialized, skipping
Refreshing native plugins compatible for Editor in 0.27 ms, found 0 plugins.
Preloading 0 native plugins for Editor in 0.00 ms.
Unloading 1112 Unused Serialized files (Serialized files now loaded: 0)
System memory in use before: 69.0 MB.
System memory in use after: 69.1 MB.

Unloading 5 unused Assets to reduce memory usage. Loaded Objects now: 2063.
Total: 2.429900 ms (FindLiveObjects: 0.330400 ms CreateObjectMapping: 0.106900 ms MarkObjects: 1.882200 ms  DeleteObjects: 0.109200 ms)

========================================================================
Received Import Request.
  Time since last request: 1000.939990 seconds.
  path: Assets/Prefabs/Bullet.prefab
  artifactKey: Guid(229d7fb36be106743b06d4f53ade0ccf) Importer(815301076,1909f56bfc062723c751e8b465ee728b)
Start importing Assets/Prefabs/Bullet.prefab using Guid(229d7fb36be106743b06d4f53ade0ccf) Importer(815301076,1909f56bfc062723c751e8b465ee728b)  -> (artifact id: '5ba265a0071837aaba50e661057d62af') in 0.088362 seconds
  Import took 0.093429 seconds .

========================================================================
Received Prepare
Registering precompiled user dll's ...
Registered in 0.001235 seconds.
Begin MonoManager ReloadAssembly
Native extension for WindowsStandalone target not found
Refreshing native plugins compatible for Editor in 0.25 ms, found 0 plugins.
Preloading 0 native plugins for Editor in 0.00 ms.
Mono: successfully reloaded assembly
- Completed reload, in  1.026 seconds
Platform modules already initialized, skipping
Refreshing native plugins compatible for Editor in 0.35 ms, found 0 plugins.
Preloading 0 native plugins for Editor in 0.00 ms.
Unloading 1112 Unused Serialized files (Serialized files now loaded: 0)
System memory in use before: 69.1 MB.
System memory in use after: 69.2 MB.

Unloading 5 unused Assets to reduce memory usage. Loaded Objects now: 2070.
Total: 1.842600 ms (FindLiveObjects: 0.268500 ms CreateObjectMapping: 0.077900 ms MarkObjects: 1.412400 ms  DeleteObjects: 0.082400 ms)

========================================================================
Received Prepare
Registering precompiled user dll's ...
Registered in 0.001068 seconds.
Begin MonoManager ReloadAssembly
Native extension for WindowsStandalone target not found
Refreshing native plugins compatible for Editor in 0.24 ms, found 0 plugins.
Preloading 0 native plugins for Editor in 0.00 ms.
Mono: successfully reloaded assembly
- Completed reload, in  0.952 seconds
Platform modules already initialized, skipping
Refreshing native plugins compatible for Editor in 0.21 ms, found 0 plugins.
Preloading 0 native plugins for Editor in 0.00 ms.
Unloading 1112 Unused Serialized files (Serialized files now loaded: 0)
System memory in use before: 69.0 MB.
System memory in use after: 69.1 MB.

Unloading 5 unused Assets to reduce memory usage. Loaded Objects now: 2073.
Total: 2.559000 ms (FindLiveObjects: 0.341900 ms CreateObjectMapping: 0.063900 ms MarkObjects: 2.045100 ms  DeleteObjects: 0.105900 ms)

========================================================================
Received Prepare
Registering precompiled user dll's ...
Registered in 0.001080 seconds.
Begin MonoManager ReloadAssembly
Native extension for WindowsStandalone target not found
Refreshing native plugins compatible for Editor in 0.23 ms, found 0 plugins.
Preloading 0 native plugins for Editor in 0.00 ms.
Mono: successfully reloaded assembly
- Completed reload, in  0.907 seconds
Platform modules already initialized, skipping
Refreshing native plugins compatible for Editor in 0.23 ms, found 0 plugins.
Preloading 0 native plugins for Editor in 0.00 ms.
Unloading 1112 Unused Serialized files (Serialized files now loaded: 0)
System memory in use before: 69.1 MB.
System memory in use after: 69.2 MB.

Unloading 5 unused Assets to reduce memory usage. Loaded Objects now: 2076.
Total: 2.526300 ms (FindLiveObjects: 0.266300 ms CreateObjectMapping: 0.149800 ms MarkObjects: 2.014700 ms  DeleteObjects: 0.077600 ms)

========================================================================
Received Prepare
Registering precompiled user dll's ...
Registered in 0.001434 seconds.
Begin MonoManager ReloadAssembly
Native extension for WindowsStandalone target not found
Refreshing native plugins compatible for Editor in 0.31 ms, found 0 plugins.
Preloading 0 native plugins for Editor in 0.00 ms.
Mono: successfully reloaded assembly
- Completed reload, in  1.119 seconds
Platform modules already initialized, skipping
Refreshing native plugins compatible for Editor in 0.22 ms, found 0 plugins.
Preloading 0 native plugins for Editor in 0.00 ms.
Unloading 1112 Unused Serialized files (Serialized files now loaded: 0)
System memory in use before: 69.1 MB.
System memory in use after: 69.1 MB.

Unloading 5 unused Assets to reduce memory usage. Loaded Objects now: 2079.
Total: 2.196300 ms (FindLiveObjects: 0.194600 ms CreateObjectMapping: 0.094200 ms MarkObjects: 1.835900 ms  DeleteObjects: 0.070400 ms)

========================================================================
Received Prepare
Registering precompiled user dll's ...
Registered in 0.001068 seconds.
Begin MonoManager ReloadAssembly
Native extension for WindowsStandalone target not found
Refreshing native plugins compatible for Editor in 0.22 ms, found 0 plugins.
Preloading 0 native plugins for Editor in 0.00 ms.
Mono: successfully reloaded assembly
- Completed reload, in  0.998 seconds
Platform modules already initialized, skipping
Refreshing native plugins compatible for Editor in 0.25 ms, found 0 plugins.
Preloading 0 native plugins for Editor in 0.00 ms.
Unloading 1113 Unused Serialized files (Serialized files now loaded: 0)
System memory in use before: 69.1 MB.
System memory in use after: 69.2 MB.

Unloading 5 unused Assets to reduce memory usage. Loaded Objects now: 2083.
Total: 2.357000 ms (FindLiveObjects: 0.327500 ms CreateObjectMapping: 0.097700 ms MarkObjects: 1.852400 ms  DeleteObjects: 0.077900 ms)

========================================================================
Received Import Request.
  Time since last request: 622.554168 seconds.
  path: Assets/Bullet.cs
  artifactKey: Guid(33ef28df55ed2844bb309d3c3401acef) Importer(815301076,1909f56bfc062723c751e8b465ee728b)
Start importing Assets/Bullet.cs using Guid(33ef28df55ed2844bb309d3c3401acef) Importer(815301076,1909f56bfc062723c751e8b465ee728b)  -> (artifact id: '07782d98e26501a4ce5fc585feebff9c') in 0.005976 seconds
  Import took 0.010810 seconds .

========================================================================
Received Import Request.
  Time since last request: 0.000933 seconds.
  path: Assets/Bullet.cs
  artifactKey: Guid(33ef28df55ed2844bb309d3c3401acef) Importer(815301076,1909f56bfc062723c751e8b465ee728b)
Start importing Assets/Bullet.cs using Guid(33ef28df55ed2844bb309d3c3401acef) Importer(815301076,1909f56bfc062723c751e8b465ee728b)  -> (artifact id: '07782d98e26501a4ce5fc585feebff9c') in 0.003826 seconds
  Import took 0.007369 seconds .

========================================================================
Received Prepare
Registering precompiled user dll's ...
Registered in 0.001249 seconds.
Begin MonoManager ReloadAssembly
Native extension for WindowsStandalone target not found
Refreshing native plugins compatible for Editor in 0.58 ms, found 0 plugins.
Preloading 0 native plugins for Editor in 0.00 ms.
Mono: successfully reloaded assembly
- Completed reload, in  1.437 seconds
Platform modules already initialized, skipping
Refreshing native plugins compatible for Editor in 0.24 ms, found 0 plugins.
Preloading 0 native plugins for Editor in 0.00 ms.
Unloading 1113 Unused Serialized files (Serialized files now loaded: 0)
System memory in use before: 69.1 MB.
System memory in use after: 69.2 MB.

Unloading 5 unused Assets to reduce memory usage. Loaded Objects now: 2086.
Total: 2.521400 ms (FindLiveObjects: 0.198400 ms CreateObjectMapping: 0.098700 ms MarkObjects: 1.923600 ms  DeleteObjects: 0.299100 ms)

========================================================================
Received Prepare
Registering precompiled user dll's ...
Registered in 0.001390 seconds.
Begin MonoManager ReloadAssembly
Native extension for WindowsStandalone target not found
Refreshing native plugins compatible for Editor in 0.22 ms, found 0 plugins.
Preloading 0 native plugins for Editor in 0.00 ms.
Mono: successfully reloaded assembly
- Completed reload, in  0.928 seconds
Platform modules already initialized, skipping
Refreshing native plugins compatible for Editor in 0.24 ms, found 0 plugins.
Preloading 0 native plugins for Editor in 0.00 ms.
Unloading 1113 Unused Serialized files (Serialized files now loaded: 0)
System memory in use before: 69.2 MB.
System memory in use after: 69.2 MB.

Unloading 5 unused Assets to reduce memory usage. Loaded Objects now: 2089.
Total: 2.326700 ms (FindLiveObjects: 0.356000 ms CreateObjectMapping: 0.127600 ms MarkObjects: 1.747800 ms  DeleteObjects: 0.094400 ms)

========================================================================
Received Import Request.
  Time since last request: 159.506079 seconds.
  path: Assets/Scrips/Bullet.cs
  artifactKey: Guid(33ef28df55ed2844bb309d3c3401acef) Importer(815301076,1909f56bfc062723c751e8b465ee728b)
Start importing Assets/Scrips/Bullet.cs using Guid(33ef28df55ed2844bb309d3c3401acef) Importer(815301076,1909f56bfc062723c751e8b465ee728b)  -> (artifact id: 'ca537a3dd63890bd498c3ae2a7e94a19') in 0.005233 seconds
  Import took 0.008647 seconds .

========================================================================
Received Import Request.
  Time since last request: 2.899717 seconds.
  path: Assets/Prefabs/Bullet.prefab
  artifactKey: Guid(229d7fb36be106743b06d4f53ade0ccf) Importer(815301076,1909f56bfc062723c751e8b465ee728b)
Start importing Assets/Prefabs/Bullet.prefab using Guid(229d7fb36be106743b06d4f53ade0ccf) Importer(815301076,1909f56bfc062723c751e8b465ee728b)  -> (artifact id: 'e4ad28343b88b6f3a09327357e31798e') in 0.054154 seconds
  Import took 0.058117 seconds .

========================================================================
Received Import Request.
  Time since last request: 48.390669 seconds.
  path: Assets/Prefabs/Bullet.prefab
  artifactKey: Guid(229d7fb36be106743b06d4f53ade0ccf) Importer(815301076,1909f56bfc062723c751e8b465ee728b)
Start importing Assets/Prefabs/Bullet.prefab using Guid(229d7fb36be106743b06d4f53ade0ccf) Importer(815301076,1909f56bfc062723c751e8b465ee728b) The Animator Controller (Bullet) you have used is not valid. Animations will not play
UnityEngine.StackTraceUtility:ExtractStackTrace ()
UnityEditor.EditorUtility:Internal_InstantiateRemoveAllNonAnimationComponentsSingle (UnityEngine.Object,UnityEngine.Vector3,UnityEngine.Quaternion)
UnityEditor.EditorUtility:InstantiateRemoveAllNonAnimationComponents (UnityEngine.Object,UnityEngine.Vector3,UnityEngine.Quaternion)
UnityEditor.EditorUtility:InstantiateForAnimatorPreview (UnityEngine.Object)
UnityEditor.GameObjectInspector/PreviewData:UpdateGameObject (UnityEngine.Object)
UnityEditor.GameObjectInspector/PreviewData:.ctor (UnityEngine.Object)
UnityEditor.GameObjectInspector:GetPreviewData ()
UnityEditor.GameObjectInspector:RenderStaticPreview (string,UnityEngine.Object[],int,int)
UnityEditor.AssetPreviewUpdater:CreatePreviewForAsset (UnityEngine.Object,UnityEngine.Object[],string)

[C:\buildslave\unity\build\Modules/Animation/Director/AnimatorControllerPlayable.cpp line 333]

The Animator Controller (Bullet) you have used is not valid. Animations will not play
UnityEngine.StackTraceUtility:ExtractStackTrace ()
UnityEditor.EditorUtility:InitInstantiatedPreviewRecursive (UnityEngine.GameObject)
UnityEditor.EditorUtility:InstantiateForAnimatorPreview (UnityEngine.Object)
UnityEditor.GameObjectInspector/PreviewData:UpdateGameObject (UnityEngine.Object)
UnityEditor.GameObjectInspector/PreviewData:.ctor (UnityEngine.Object)
UnityEditor.GameObjectInspector:GetPreviewData ()
UnityEditor.GameObjectInspector:RenderStaticPreview (string,UnityEngine.Object[],int,int)
UnityEditor.AssetPreviewUpdater:CreatePreviewForAsset (UnityEngine.Object,UnityEngine.Object[],string)

[C:\buildslave\unity\build\Modules/Animation/Director/AnimatorControllerPlayable.cpp line 333]

 -> (artifact id: '7fb6b4e5559deb2438b4d9f08ddab380') in 0.020192 seconds
  Import took 0.024579 seconds .

========================================================================
Received Prepare
Registering precompiled user dll's ...
Registered in 0.001673 seconds.
Begin MonoManager ReloadAssembly
Native extension for WindowsStandalone target not found
Refreshing native plugins compatible for Editor in 0.22 ms, found 0 plugins.
Preloading 0 native plugins for Editor in 0.00 ms.
Mono: successfully reloaded assembly
- Completed reload, in  0.938 seconds
Platform modules already initialized, skipping
Refreshing native plugins compatible for Editor in 0.32 ms, found 0 plugins.
Preloading 0 native plugins for Editor in 0.00 ms.
Unloading 1113 Unused Serialized files (Serialized files now loaded: 0)
System memory in use before: 69.2 MB.
System memory in use after: 69.3 MB.

Unloading 5 unused Assets to reduce memory usage. Loaded Objects now: 2093.
Total: 2.773300 ms (FindLiveObjects: 0.383900 ms CreateObjectMapping: 0.115600 ms MarkObjects: 2.160600 ms  DeleteObjects: 0.111800 ms)

========================================================================
Received Import Request.
  Time since last request: 192.717113 seconds.
  path: Assets/Prefabs/Bullet.prefab
  artifactKey: Guid(229d7fb36be106743b06d4f53ade0ccf) Importer(815301076,1909f56bfc062723c751e8b465ee728b)
Start importing Assets/Prefabs/Bullet.prefab using Guid(229d7fb36be106743b06d4f53ade0ccf) Importer(815301076,1909f56bfc062723c751e8b465ee728b) The Animator Controller (Bullet) you have used is not valid. Animations will not play
UnityEngine.StackTraceUtility:ExtractStackTrace ()
UnityEditor.EditorUtility:Internal_InstantiateRemoveAllNonAnimationComponentsSingle (UnityEngine.Object,UnityEngine.Vector3,UnityEngine.Quaternion)
UnityEditor.EditorUtility:InstantiateRemoveAllNonAnimationComponents (UnityEngine.Object,UnityEngine.Vector3,UnityEngine.Quaternion)
UnityEditor.EditorUtility:InstantiateForAnimatorPreview (UnityEngine.Object)
UnityEditor.GameObjectInspector/PreviewData:UpdateGameObject (UnityEngine.Object)
UnityEditor.GameObjectInspector/PreviewData:.ctor (UnityEngine.Object)
UnityEditor.GameObjectInspector:GetPreviewData ()
UnityEditor.GameObjectInspector:RenderStaticPreview (string,UnityEngine.Object[],int,int)
UnityEditor.AssetPreviewUpdater:CreatePreviewForAsset (UnityEngine.Object,UnityEngine.Object[],string)

[C:\buildslave\unity\build\Modules/Animation/Director/AnimatorControllerPlayable.cpp line 333]

The Animator Controller (Bullet) you have used is not valid. Animations will not play
UnityEngine.StackTraceUtility:ExtractStackTrace ()
UnityEditor.EditorUtility:InitInstantiatedPreviewRecursive (UnityEngine.GameObject)
UnityEditor.EditorUtility:InstantiateForAnimatorPreview (UnityEngine.Object)
UnityEditor.GameObjectInspector/PreviewData:UpdateGameObject (UnityEngine.Object)
UnityEditor.GameObjectInspector/PreviewData:.ctor (UnityEngine.Object)
UnityEditor.GameObjectInspector:GetPreviewData ()
UnityEditor.GameObjectInspector:RenderStaticPreview (string,UnityEngine.Object[],int,int)
UnityEditor.AssetPreviewUpdater:CreatePreviewForAsset (UnityEngine.Object,UnityEngine.Object[],string)

[C:\buildslave\unity\build\Modules/Animation/Director/AnimatorControllerPlayable.cpp line 333]

 -> (artifact id: 'f519ee3ef46478097821387d3f2d1683') in 0.063430 seconds
  Import took 0.067314 seconds .

========================================================================
Received Import Request.
  Time since last request: 4.439965 seconds.
  path: Assets/Animations/Bullet.anim
  artifactKey: Guid(513d23e3ff3107e49a7d447481f1b621) Importer(815301076,1909f56bfc062723c751e8b465ee728b)
Start importing Assets/Animations/Bullet.anim using Guid(513d23e3ff3107e49a7d447481f1b621) Importer(815301076,1909f56bfc062723c751e8b465ee728b)  -> (artifact id: 'e2cdb571cc9e45f505162e5591ca04aa') in 0.008721 seconds
  Import took 0.012482 seconds .

========================================================================
Received Import Request.
  Time since last request: 0.008566 seconds.
  path: Assets/Animations/Bullet.anim
  artifactKey: Guid(513d23e3ff3107e49a7d447481f1b621) Importer(815301076,1909f56bfc062723c751e8b465ee728b)
Start importing Assets/Animations/Bullet.anim using Guid(513d23e3ff3107e49a7d447481f1b621) Importer(815301076,1909f56bfc062723c751e8b465ee728b)  -> (artifact id: 'e2cdb571cc9e45f505162e5591ca04aa') in 0.003658 seconds
  Import took 0.006899 seconds .

========================================================================
Received Import Request.
  Time since last request: 1.646520 seconds.
  path: Assets/Animations/Bullet.controller
  artifactKey: Guid(8cceb92435a12b845bbd616bbc703bae) Importer(815301076,1909f56bfc062723c751e8b465ee728b)
Start importing Assets/Animations/Bullet.controller using Guid(8cceb92435a12b845bbd616bbc703bae) Importer(815301076,1909f56bfc062723c751e8b465ee728b)  -> (artifact id: '652debcb20c983f33dab10695629cdd4') in 0.007817 seconds
  Import took 0.011509 seconds .

========================================================================
Received Import Request.
  Time since last request: 76.766097 seconds.
  path: Assets/Prefabs/Bullet.prefab
  artifactKey: Guid(229d7fb36be106743b06d4f53ade0ccf) Importer(815301076,1909f56bfc062723c751e8b465ee728b)
Start importing Assets/Prefabs/Bullet.prefab using Guid(229d7fb36be106743b06d4f53ade0ccf) Importer(815301076,1909f56bfc062723c751e8b465ee728b)  -> (artifact id: '2d69a0f06ec050d11466697d4645c52c') in 0.012776 seconds
  Import took 0.017229 seconds .

========================================================================
Received Import Request.
  Time since last request: 0.005789 seconds.
  path: Assets/Prefabs/Bullet.prefab
  artifactKey: Guid(229d7fb36be106743b06d4f53ade0ccf) Importer(815301076,1909f56bfc062723c751e8b465ee728b)
Start importing Assets/Prefabs/Bullet.prefab using Guid(229d7fb36be106743b06d4f53ade0ccf) Importer(815301076,1909f56bfc062723c751e8b465ee728b)  -> (artifact id: '2d69a0f06ec050d11466697d4645c52c') in 0.011578 seconds
  Import took 0.015495 seconds .

========================================================================
Received Prepare
Registering precompiled user dll's ...
Registered in 0.001077 seconds.
Begin MonoManager ReloadAssembly
Native extension for WindowsStandalone target not found
Refreshing native plugins compatible for Editor in 0.33 ms, found 0 plugins.
Preloading 0 native plugins for Editor in 0.00 ms.
Mono: successfully reloaded assembly
- Completed reload, in  0.923 seconds
Platform modules already initialized, skipping
Refreshing native plugins compatible for Editor in 0.30 ms, found 0 plugins.
Preloading 0 native plugins for Editor in 0.00 ms.
Unloading 1113 Unused Serialized files (Serialized files now loaded: 0)
System memory in use before: 69.4 MB.
System memory in use after: 69.5 MB.

Unloading 5 unused Assets to reduce memory usage. Loaded Objects now: 2097.
Total: 2.339100 ms (FindLiveObjects: 0.225800 ms CreateObjectMapping: 0.087400 ms MarkObjects: 1.941900 ms  DeleteObjects: 0.083000 ms)

========================================================================
Received Import Request.
  Time since last request: 75.035218 seconds.
  path: Assets/Prefabs/Bullet.prefab
  artifactKey: Guid(229d7fb36be106743b06d4f53ade0ccf) Importer(815301076,1909f56bfc062723c751e8b465ee728b)
Start importing Assets/Prefabs/Bullet.prefab using Guid(229d7fb36be106743b06d4f53ade0ccf) Importer(815301076,1909f56bfc062723c751e8b465ee728b)  -> (artifact id: 'bc1a50eb1b10df1015f4ed81fe9c4d3a') in 0.055702 seconds
  Import took 0.059364 seconds .

========================================================================
Received Prepare
Registering precompiled user dll's ...
Registered in 0.001016 seconds.
Begin MonoManager ReloadAssembly
Native extension for WindowsStandalone target not found
Refreshing native plugins compatible for Editor in 0.22 ms, found 0 plugins.
Preloading 0 native plugins for Editor in 0.00 ms.
Mono: successfully reloaded assembly
- Completed reload, in  0.910 seconds
Platform modules already initialized, skipping
Refreshing native plugins compatible for Editor in 0.29 ms, found 0 plugins.
Preloading 0 native plugins for Editor in 0.00 ms.
Unloading 1113 Unused Serialized files (Serialized files now loaded: 0)
System memory in use before: 69.3 MB.
System memory in use after: 69.4 MB.

Unloading 5 unused Assets to reduce memory usage. Loaded Objects now: 2101.
Total: 2.064200 ms (FindLiveObjects: 0.158800 ms CreateObjectMapping: 0.052600 ms MarkObjects: 1.773000 ms  DeleteObjects: 0.078800 ms)

========================================================================
Received Prepare
Registering precompiled user dll's ...
Registered in 0.001178 seconds.
Begin MonoManager ReloadAssembly
Native extension for WindowsStandalone target not found
Refreshing native plugins compatible for Editor in 0.22 ms, found 0 plugins.
Preloading 0 native plugins for Editor in 0.00 ms.
Mono: successfully reloaded assembly
- Completed reload, in  0.887 seconds
Platform modules already initialized, skipping
Refreshing native plugins compatible for Editor in 0.19 ms, found 0 plugins.
Preloading 0 native plugins for Editor in 0.00 ms.
Unloading 1113 Unused Serialized files (Serialized files now loaded: 0)
System memory in use before: 69.4 MB.
System memory in use after: 69.5 MB.

Unloading 5 unused Assets to reduce memory usage. Loaded Objects now: 2104.
Total: 2.337700 ms (FindLiveObjects: 0.276100 ms CreateObjectMapping: 0.051000 ms MarkObjects: 1.916700 ms  DeleteObjects: 0.093000 ms)

========================================================================
Received Prepare
Registering precompiled user dll's ...
Registered in 0.001159 seconds.
Begin MonoManager ReloadAssembly
Native extension for WindowsStandalone target not found
Refreshing native plugins compatible for Editor in 0.23 ms, found 0 plugins.
Preloading 0 native plugins for Editor in 0.00 ms.
Mono: successfully reloaded assembly
- Completed reload, in  0.957 seconds
Platform modules already initialized, skipping
Refreshing native plugins compatible for Editor in 0.27 ms, found 0 plugins.
Preloading 0 native plugins for Editor in 0.00 ms.
Unloading 1113 Unused Serialized files (Serialized files now loaded: 0)
System memory in use before: 69.3 MB.
System memory in use after: 69.4 MB.

Unloading 5 unused Assets to reduce memory usage. Loaded Objects now: 2107.
Total: 2.505200 ms (FindLiveObjects: 0.300500 ms CreateObjectMapping: 0.099800 ms MarkObjects: 2.003000 ms  DeleteObjects: 0.100300 ms)

========================================================================
Received Prepare
Registering precompiled user dll's ...
Registered in 0.001080 seconds.
Begin MonoManager ReloadAssembly
Native extension for WindowsStandalone target not found
Refreshing native plugins compatible for Editor in 0.29 ms, found 0 plugins.
Preloading 0 native plugins for Editor in 0.00 ms.
Mono: successfully reloaded assembly
- Completed reload, in  0.905 seconds
Platform modules already initialized, skipping
Refreshing native plugins compatible for Editor in 0.21 ms, found 0 plugins.
Preloading 0 native plugins for Editor in 0.00 ms.
Unloading 1113 Unused Serialized files (Serialized files now loaded: 0)
System memory in use before: 69.4 MB.
System memory in use after: 69.5 MB.

Unloading 5 unused Assets to reduce memory usage. Loaded Objects now: 2110.
Total: 1.947600 ms (FindLiveObjects: 0.171600 ms CreateObjectMapping: 0.054300 ms MarkObjects: 1.638800 ms  DeleteObjects: 0.082000 ms)

========================================================================
Received Prepare
Registering precompiled user dll's ...
Registered in 0.001103 seconds.
Begin MonoManager ReloadAssembly
Native extension for WindowsStandalone target not found
Refreshing native plugins compatible for Editor in 0.27 ms, found 0 plugins.
Preloading 0 native plugins for Editor in 0.00 ms.
Mono: successfully reloaded assembly
- Completed reload, in  0.927 seconds
Platform modules already initialized, skipping
Refreshing native plugins compatible for Editor in 0.21 ms, found 0 plugins.
Preloading 0 native plugins for Editor in 0.00 ms.
Unloading 1113 Unused Serialized files (Serialized files now loaded: 0)
System memory in use before: 69.3 MB.
System memory in use after: 69.4 MB.

Unloading 5 unused Assets to reduce memory usage. Loaded Objects now: 2113.
Total: 2.575700 ms (FindLiveObjects: 0.268700 ms CreateObjectMapping: 0.115900 ms MarkObjects: 2.081600 ms  DeleteObjects: 0.108000 ms)

========================================================================
Received Import Request.
  Time since last request: 506.268169 seconds.
  path: Assets/Prefabs/Enemy.prefab
  artifactKey: Guid(ba1c21da7d893dc40877ed796ac90b5d) Importer(815301076,1909f56bfc062723c751e8b465ee728b)
Start importing Assets/Prefabs/Enemy.prefab using Guid(ba1c21da7d893dc40877ed796ac90b5d) Importer(815301076,1909f56bfc062723c751e8b465ee728b)  -> (artifact id: 'd75e57c4a74c14baca033cdde55ce7d0') in 0.074026 seconds
  Import took 0.079864 seconds .

========================================================================
Received Import Request.
  Time since last request: 13.789571 seconds.
  path: Assets/Scrips/Enemy.cs
  artifactKey: Guid(1ed5e17b8835e06438fb97c1c157c82c) Importer(815301076,1909f56bfc062723c751e8b465ee728b)
Start importing Assets/Scrips/Enemy.cs using Guid(1ed5e17b8835e06438fb97c1c157c82c) Importer(815301076,1909f56bfc062723c751e8b465ee728b)  -> (artifact id: '850c6fb0a1453267d2af57e1aa6dac1c') in 0.004952 seconds
  Import took 0.009555 seconds .

========================================================================
Received Prepare
Registering precompiled user dll's ...
Registered in 0.001090 seconds.
Begin MonoManager ReloadAssembly
Native extension for WindowsStandalone target not found
Refreshing native plugins compatible for Editor in 0.23 ms, found 0 plugins.
Preloading 0 native plugins for Editor in 0.00 ms.
Mono: successfully reloaded assembly
- Completed reload, in  1.126 seconds
Platform modules already initialized, skipping
Refreshing native plugins compatible for Editor in 0.22 ms, found 0 plugins.
Preloading 0 native plugins for Editor in 0.00 ms.
Unloading 1114 Unused Serialized files (Serialized files now loaded: 0)
System memory in use before: 69.4 MB.
System memory in use after: 69.5 MB.

Unloading 5 unused Assets to reduce memory usage. Loaded Objects now: 2118.
Total: 2.657900 ms (FindLiveObjects: 0.287100 ms CreateObjectMapping: 0.057000 ms MarkObjects: 2.250200 ms  DeleteObjects: 0.062300 ms)

========================================================================
Received Import Request.
  Time since last request: 47.251450 seconds.
  path: Assets/Prefabs/Enemy.prefab
  artifactKey: Guid(ba1c21da7d893dc40877ed796ac90b5d) Importer(815301076,1909f56bfc062723c751e8b465ee728b)
Start importing Assets/Prefabs/Enemy.prefab using Guid(ba1c21da7d893dc40877ed796ac90b5d) Importer(815301076,1909f56bfc062723c751e8b465ee728b)  -> (artifact id: '795f72890dfdf90bc2b69ee263781ad7') in 0.063667 seconds
  Import took 0.069235 seconds .

========================================================================
Received Import Request.
  Time since last request: 35.242596 seconds.
  path: Assets/Prefabs/Enemy.prefab
  artifactKey: Guid(ba1c21da7d893dc40877ed796ac90b5d) Importer(815301076,1909f56bfc062723c751e8b465ee728b)
Start importing Assets/Prefabs/Enemy.prefab using Guid(ba1c21da7d893dc40877ed796ac90b5d) Importer(815301076,1909f56bfc062723c751e8b465ee728b)  -> (artifact id: 'eee4bc860be9ed4c28930d2fced25c34') in 0.012681 seconds
  Import took 0.016508 seconds .

========================================================================
Received Import Request.
  Time since last request: 0.002252 seconds.
  path: Assets/Prefabs/Enemy.prefab
  artifactKey: Guid(ba1c21da7d893dc40877ed796ac90b5d) Importer(815301076,1909f56bfc062723c751e8b465ee728b)
Start importing Assets/Prefabs/Enemy.prefab using Guid(ba1c21da7d893dc40877ed796ac90b5d) Importer(815301076,1909f56bfc062723c751e8b465ee728b)  -> (artifact id: 'eee4bc860be9ed4c28930d2fced25c34') in 0.012082 seconds
  Import took 0.016069 seconds .

========================================================================
Received Import Request.
  Time since last request: 4.975571 seconds.
  path: Assets/Prefabs/Enemy.prefab
  artifactKey: Guid(ba1c21da7d893dc40877ed796ac90b5d) Importer(815301076,1909f56bfc062723c751e8b465ee728b)
Start importing Assets/Prefabs/Enemy.prefab using Guid(ba1c21da7d893dc40877ed796ac90b5d) Importer(815301076,1909f56bfc062723c751e8b465ee728b)  -> (artifact id: 'b1c2a25aef6aea0df81be26e263f4039') in 0.012245 seconds
  Import took 0.019138 seconds .

========================================================================
Received Import Request.
  Time since last request: 6.844432 seconds.
  path: Assets/Prefabs/Enemy.prefab
  artifactKey: Guid(ba1c21da7d893dc40877ed796ac90b5d) Importer(815301076,1909f56bfc062723c751e8b465ee728b)
Start importing Assets/Prefabs/Enemy.prefab using Guid(ba1c21da7d893dc40877ed796ac90b5d) Importer(815301076,1909f56bfc062723c751e8b465ee728b)  -> (artifact id: '0d26a03d6cc7e6001677594e11398447') in 0.014715 seconds
  Import took 0.019382 seconds .

========================================================================
Received Import Request.
  Time since last request: 141.637647 seconds.
  path: Assets/Prefabs/EnemyBullet.prefab
  artifactKey: Guid(54620eace0ae8d448958cca26bbbf79d) Importer(815301076,1909f56bfc062723c751e8b465ee728b)
Start importing Assets/Prefabs/EnemyBullet.prefab using Guid(54620eace0ae8d448958cca26bbbf79d) Importer(815301076,1909f56bfc062723c751e8b465ee728b)  -> (artifact id: 'df9ab84562f4070f2b339d6d7170799a') in 0.014402 seconds
  Import took 0.019392 seconds .

========================================================================
Received Import Request.
  Time since last request: 22.438002 seconds.
  path: Assets/Prefabs/Bullet.prefab
  artifactKey: Guid(229d7fb36be106743b06d4f53ade0ccf) Importer(815301076,1909f56bfc062723c751e8b465ee728b)
Start importing Assets/Prefabs/Bullet.prefab using Guid(229d7fb36be106743b06d4f53ade0ccf) Importer(815301076,1909f56bfc062723c751e8b465ee728b)  -> (artifact id: '1b70db7823869fee3307017735ff87a4') in 0.011417 seconds
  Import took 0.016881 seconds .

========================================================================
Received Import Request.
  Time since last request: 23.993569 seconds.
  path: Assets/Prefabs/EnemyBullet.prefab
  artifactKey: Guid(54620eace0ae8d448958cca26bbbf79d) Importer(815301076,1909f56bfc062723c751e8b465ee728b)
Start importing Assets/Prefabs/EnemyBullet.prefab using Guid(54620eace0ae8d448958cca26bbbf79d) Importer(815301076,1909f56bfc062723c751e8b465ee728b)  -> (artifact id: '0c357d8659604d6c43cb34d68cc3ed76') in 0.017702 seconds
  Import took 0.024835 seconds .

========================================================================
Received Import Request.
  Time since last request: 0.012708 seconds.
  path: Assets/Prefabs/EnemyBullet.prefab
  artifactKey: Guid(54620eace0ae8d448958cca26bbbf79d) Importer(815301076,1909f56bfc062723c751e8b465ee728b)
Start importing Assets/Prefabs/EnemyBullet.prefab using Guid(54620eace0ae8d448958cca26bbbf79d) Importer(815301076,1909f56bfc062723c751e8b465ee728b)  -> (artifact id: '0c357d8659604d6c43cb34d68cc3ed76') in 0.011647 seconds
  Import took 0.019924 seconds .

========================================================================
Received Import Request.
  Time since last request: 11.169913 seconds.
  path: Assets/Prefabs/EnemyBullet.prefab
  artifactKey: Guid(54620eace0ae8d448958cca26bbbf79d) Importer(815301076,1909f56bfc062723c751e8b465ee728b)
Start importing Assets/Prefabs/EnemyBullet.prefab using Guid(54620eace0ae8d448958cca26bbbf79d) Importer(815301076,1909f56bfc062723c751e8b465ee728b)  -> (artifact id: 'deb75e4185ca43f397e167887dd76e06') in 0.014952 seconds
  Import took 0.019487 seconds .

========================================================================
Received Import Request.
  Time since last request: 41.293343 seconds.
  path: Assets/Prefabs/Enemy.prefab
  artifactKey: Guid(ba1c21da7d893dc40877ed796ac90b5d) Importer(815301076,1909f56bfc062723c751e8b465ee728b)
Start importing Assets/Prefabs/Enemy.prefab using Guid(ba1c21da7d893dc40877ed796ac90b5d) Importer(815301076,1909f56bfc062723c751e8b465ee728b)  -> (artifact id: 'be1658c69ebe9d7c85da4076da79b339') in 0.011756 seconds
  Import took 0.016869 seconds .

========================================================================
Received Import Request.
  Time since last request: 14.116958 seconds.
  path: Assets/Prefabs/Enemy.prefab
  artifactKey: Guid(ba1c21da7d893dc40877ed796ac90b5d) Importer(815301076,1909f56bfc062723c751e8b465ee728b)
Start importing Assets/Prefabs/Enemy.prefab using Guid(ba1c21da7d893dc40877ed796ac90b5d) Importer(815301076,1909f56bfc062723c751e8b465ee728b)  -> (artifact id: '47a0e2fcce1c6b3d35d3a96e333243c5') in 0.011684 seconds
  Import took 0.018597 seconds .

========================================================================
Received Import Request.
  Time since last request: 14.484164 seconds.
  path: Assets/Prefabs/Enemy.prefab
  artifactKey: Guid(ba1c21da7d893dc40877ed796ac90b5d) Importer(815301076,1909f56bfc062723c751e8b465ee728b)
Start importing Assets/Prefabs/Enemy.prefab using Guid(ba1c21da7d893dc40877ed796ac90b5d) Importer(815301076,1909f56bfc062723c751e8b465ee728b)  -> (artifact id: 'ac3d6e485b5215366f6967d70db67827') in 0.011788 seconds
  Import took 0.016147 seconds .

========================================================================
Received Import Request.
  Time since last request: 19.140811 seconds.
  path: Assets/Prefabs/Enemy.prefab
  artifactKey: Guid(ba1c21da7d893dc40877ed796ac90b5d) Importer(815301076,1909f56bfc062723c751e8b465ee728b)
Start importing Assets/Prefabs/Enemy.prefab using Guid(ba1c21da7d893dc40877ed796ac90b5d) Importer(815301076,1909f56bfc062723c751e8b465ee728b)  -> (artifact id: 'b7dcedf0d110f62527bbe5fe512532e1') in 0.014548 seconds
  Import took 0.020329 seconds .

========================================================================
Received Import Request.
  Time since last request: 5.019366 seconds.
  path: Assets/Prefabs/Enemy.prefab
  artifactKey: Guid(ba1c21da7d893dc40877ed796ac90b5d) Importer(815301076,1909f56bfc062723c751e8b465ee728b)
Start importing Assets/Prefabs/Enemy.prefab using Guid(ba1c21da7d893dc40877ed796ac90b5d) Importer(815301076,1909f56bfc062723c751e8b465ee728b)  -> (artifact id: '75e3af6ea03b039f40ec86ece99c83c9') in 0.014803 seconds
  Import took 0.020220 seconds .

========================================================================
Received Import Request.
  Time since last request: 6.212293 seconds.
  path: Assets/Prefabs/Enemy.prefab
  artifactKey: Guid(ba1c21da7d893dc40877ed796ac90b5d) Importer(815301076,1909f56bfc062723c751e8b465ee728b)
Start importing Assets/Prefabs/Enemy.prefab using Guid(ba1c21da7d893dc40877ed796ac90b5d) Importer(815301076,1909f56bfc062723c751e8b465ee728b)  -> (artifact id: 'ff21004e30a9b5dbb765f5d79139dad5') in 0.015020 seconds
  Import took 0.020660 seconds .

========================================================================
Received Import Request.
  Time since last request: 275.960835 seconds.
  path: Assets/Scrips/GameController.cs
  artifactKey: Guid(479eda89547a3ec4a9084999b8bea48b) Importer(815301076,1909f56bfc062723c751e8b465ee728b)
Start importing Assets/Scrips/GameController.cs using Guid(479eda89547a3ec4a9084999b8bea48b) Importer(815301076,1909f56bfc062723c751e8b465ee728b)  -> (artifact id: '74d0786fc7bf8613e7309f9351247897') in 0.008746 seconds
  Import took 0.014550 seconds .

========================================================================
Received Prepare
Registering precompiled user dll's ...
Registered in 0.001334 seconds.
Begin MonoManager ReloadAssembly
Native extension for WindowsStandalone target not found
Refreshing native plugins compatible for Editor in 0.22 ms, found 0 plugins.
Preloading 0 native plugins for Editor in 0.00 ms.
Mono: successfully reloaded assembly
- Completed reload, in  1.097 seconds
Platform modules already initialized, skipping
Refreshing native plugins compatible for Editor in 0.22 ms, found 0 plugins.
Preloading 0 native plugins for Editor in 0.00 ms.
Unloading 1115 Unused Serialized files (Serialized files now loaded: 0)
System memory in use before: 69.4 MB.
System memory in use after: 69.5 MB.

Unloading 5 unused Assets to reduce memory usage. Loaded Objects now: 2123.
Total: 2.253500 ms (FindLiveObjects: 0.159700 ms CreateObjectMapping: 0.056200 ms MarkObjects: 1.931500 ms  DeleteObjects: 0.104600 ms)

========================================================================
Received Prepare
Registering precompiled user dll's ...
Registered in 0.001230 seconds.
Begin MonoManager ReloadAssembly
Native extension for WindowsStandalone target not found
Refreshing native plugins compatible for Editor in 0.25 ms, found 0 plugins.
Preloading 0 native plugins for Editor in 0.00 ms.
Mono: successfully reloaded assembly
- Completed reload, in  0.959 seconds
Platform modules already initialized, skipping
Refreshing native plugins compatible for Editor in 0.21 ms, found 0 plugins.
Preloading 0 native plugins for Editor in 0.00 ms.
Unloading 1115 Unused Serialized files (Serialized files now loaded: 0)
System memory in use before: 69.5 MB.
System memory in use after: 69.6 MB.

Unloading 5 unused Assets to reduce memory usage. Loaded Objects now: 2126.
Total: 2.294600 ms (FindLiveObjects: 0.317100 ms CreateObjectMapping: 0.101200 ms MarkObjects: 1.773400 ms  DeleteObjects: 0.085800 ms)

========================================================================
Received Import Request.
  Time since last request: 104.593870 seconds.
  path: Assets/Scrips/GameController.cs
  artifactKey: Guid(479eda89547a3ec4a9084999b8bea48b) Importer(815301076,1909f56bfc062723c751e8b465ee728b)
Start importing Assets/Scrips/GameController.cs using Guid(479eda89547a3ec4a9084999b8bea48b) Importer(815301076,1909f56bfc062723c751e8b465ee728b)  -> (artifact id: '71b167c4fb65826b5a8e6813d216069f') in 0.005921 seconds
  Import took 0.009404 seconds .

========================================================================
Received Prepare
Registering precompiled user dll's ...
Registered in 0.001215 seconds.
Begin MonoManager ReloadAssembly
Native extension for WindowsStandalone target not found
Refreshing native plugins compatible for Editor in 0.22 ms, found 0 plugins.
Preloading 0 native plugins for Editor in 0.00 ms.
Mono: successfully reloaded assembly
- Completed reload, in  0.909 seconds
Platform modules already initialized, skipping
Refreshing native plugins compatible for Editor in 0.21 ms, found 0 plugins.
Preloading 0 native plugins for Editor in 0.00 ms.
Unloading 1115 Unused Serialized files (Serialized files now loaded: 0)
System memory in use before: 69.4 MB.
System memory in use after: 69.5 MB.

Unloading 5 unused Assets to reduce memory usage. Loaded Objects now: 2129.
Total: 2.405600 ms (FindLiveObjects: 0.308700 ms CreateObjectMapping: 0.144900 ms MarkObjects: 1.857700 ms  DeleteObjects: 0.093500 ms)

========================================================================
Received Prepare
Registering precompiled user dll's ...
Registered in 0.001123 seconds.
Begin MonoManager ReloadAssembly
Native extension for WindowsStandalone target not found
Refreshing native plugins compatible for Editor in 0.22 ms, found 0 plugins.
Preloading 0 native plugins for Editor in 0.00 ms.
Mono: successfully reloaded assembly
- Completed reload, in  0.947 seconds
Platform modules already initialized, skipping
Refreshing native plugins compatible for Editor in 0.31 ms, found 0 plugins.
Preloading 0 native plugins for Editor in 0.00 ms.
Unloading 1115 Unused Serialized files (Serialized files now loaded: 0)
System memory in use before: 69.5 MB.
System memory in use after: 69.6 MB.

Unloading 5 unused Assets to reduce memory usage. Loaded Objects now: 2132.
Total: 1.968800 ms (FindLiveObjects: 0.249200 ms CreateObjectMapping: 0.095900 ms MarkObjects: 1.531700 ms  DeleteObjects: 0.091100 ms)

========================================================================
Received Import Request.
  Time since last request: 112.493950 seconds.
  path: ProjectSettings/TagManager.asset
  artifactKey: Guid(00000000000000003000000000000000) Importer(815301076,1909f56bfc062723c751e8b465ee728b)
Start importing ProjectSettings/TagManager.asset using Guid(00000000000000003000000000000000) Importer(815301076,1909f56bfc062723c751e8b465ee728b)  -> (artifact id: '412dcb57b31f49cb50955ec4e4cd9f98') in 0.019809 seconds
  Import took 0.023236 seconds .

========================================================================
Received Prepare
Registering precompiled user dll's ...
Registered in 0.001286 seconds.
Begin MonoManager ReloadAssembly
Native extension for WindowsStandalone target not found
Refreshing native plugins compatible for Editor in 0.22 ms, found 0 plugins.
Preloading 0 native plugins for Editor in 0.00 ms.
Mono: successfully reloaded assembly
- Completed reload, in  0.941 seconds
Platform modules already initialized, skipping
Refreshing native plugins compatible for Editor in 0.22 ms, found 0 plugins.
Preloading 0 native plugins for Editor in 0.00 ms.
Unloading 1115 Unused Serialized files (Serialized files now loaded: 0)
System memory in use before: 69.4 MB.
System memory in use after: 69.5 MB.

Unloading 6 unused Assets to reduce memory usage. Loaded Objects now: 2135.
Total: 1.776900 ms (FindLiveObjects: 0.159600 ms CreateObjectMapping: 0.054200 ms MarkObjects: 1.506400 ms  DeleteObjects: 0.055700 ms)

========================================================================
Received Import Request.
  Time since last request: 30.866906 seconds.
  path: Assets/Prefabs/Enemy.prefab
  artifactKey: Guid(ba1c21da7d893dc40877ed796ac90b5d) Importer(815301076,1909f56bfc062723c751e8b465ee728b)
Start importing Assets/Prefabs/Enemy.prefab using Guid(ba1c21da7d893dc40877ed796ac90b5d) Importer(815301076,1909f56bfc062723c751e8b465ee728b)  -> (artifact id: '7b97cdf16dbedc088129dae754819012') in 0.069635 seconds
  Import took 0.073544 seconds .

========================================================================
Received Prepare
Registering precompiled user dll's ...
Registered in 0.001911 seconds.
Begin MonoManager ReloadAssembly
Native extension for WindowsStandalone target not found
Refreshing native plugins compatible for Editor in 0.82 ms, found 0 plugins.
Preloading 0 native plugins for Editor in 0.00 ms.
Mono: successfully reloaded assembly
- Completed reload, in  1.134 seconds
Platform modules already initialized, skipping
Refreshing native plugins compatible for Editor in 0.23 ms, found 0 plugins.
Preloading 0 native plugins for Editor in 0.00 ms.
Unloading 1115 Unused Serialized files (Serialized files now loaded: 0)
System memory in use before: 69.5 MB.
System memory in use after: 69.6 MB.

Unloading 5 unused Assets to reduce memory usage. Loaded Objects now: 2139.
Total: 2.310500 ms (FindLiveObjects: 0.276400 ms CreateObjectMapping: 0.056200 ms MarkObjects: 1.856100 ms  DeleteObjects: 0.120200 ms)

========================================================================
Received Prepare
Registering precompiled user dll's ...
Registered in 0.001539 seconds.
Begin MonoManager ReloadAssembly
Native extension for WindowsStandalone target not found
Refreshing native plugins compatible for Editor in 0.41 ms, found 0 plugins.
Preloading 0 native plugins for Editor in 0.00 ms.
Mono: successfully reloaded assembly
- Completed reload, in  1.102 seconds
Platform modules already initialized, skipping
Refreshing native plugins compatible for Editor in 0.23 ms, found 0 plugins.
Preloading 0 native plugins for Editor in 0.00 ms.
Unloading 1115 Unused Serialized files (Serialized files now loaded: 0)
System memory in use before: 69.5 MB.
System memory in use after: 69.5 MB.

Unloading 5 unused Assets to reduce memory usage. Loaded Objects now: 2142.
Total: 3.131200 ms (FindLiveObjects: 0.280400 ms CreateObjectMapping: 0.106700 ms MarkObjects: 2.639200 ms  DeleteObjects: 0.103300 ms)

========================================================================
Received Prepare
Registering precompiled user dll's ...
Registered in 0.001102 seconds.
Begin MonoManager ReloadAssembly
Native extension for WindowsStandalone target not found
Refreshing native plugins compatible for Editor in 0.35 ms, found 0 plugins.
Preloading 0 native plugins for Editor in 0.00 ms.
Mono: successfully reloaded assembly
- Completed reload, in  1.088 seconds
Platform modules already initialized, skipping
Refreshing native plugins compatible for Editor in 0.31 ms, found 0 plugins.
Preloading 0 native plugins for Editor in 0.00 ms.
Unloading 1115 Unused Serialized files (Serialized files now loaded: 0)
System memory in use before: 69.5 MB.
System memory in use after: 69.6 MB.

Unloading 5 unused Assets to reduce memory usage. Loaded Objects now: 2145.
Total: 1.954200 ms (FindLiveObjects: 0.182900 ms CreateObjectMapping: 0.054200 ms MarkObjects: 1.624000 ms  DeleteObjects: 0.092500 ms)

========================================================================
Received Prepare
Registering precompiled user dll's ...
Registered in 0.001160 seconds.
Begin MonoManager ReloadAssembly
Native extension for WindowsStandalone target not found
Refreshing native plugins compatible for Editor in 0.22 ms, found 0 plugins.
Preloading 0 native plugins for Editor in 0.00 ms.
Mono: successfully reloaded assembly
- Completed reload, in  0.971 seconds
Platform modules already initialized, skipping
Refreshing native plugins compatible for Editor in 0.33 ms, found 0 plugins.
Preloading 0 native plugins for Editor in 0.00 ms.
Unloading 1115 Unused Serialized files (Serialized files now loaded: 0)
System memory in use before: 69.5 MB.
System memory in use after: 69.5 MB.

Unloading 5 unused Assets to reduce memory usage. Loaded Objects now: 2148.
Total: 1.930500 ms (FindLiveObjects: 0.198800 ms CreateObjectMapping: 0.055100 ms MarkObjects: 1.610800 ms  DeleteObjects: 0.064800 ms)

========================================================================
Received Prepare
Registering precompiled user dll's ...
Registered in 0.001111 seconds.
Begin MonoManager ReloadAssembly
Native extension for WindowsStandalone target not found
Refreshing native plugins compatible for Editor in 0.22 ms, found 0 plugins.
Preloading 0 native plugins for Editor in 0.00 ms.
Mono: successfully reloaded assembly
- Completed reload, in  1.002 seconds
Platform modules already initialized, skipping
Refreshing native plugins compatible for Editor in 0.21 ms, found 0 plugins.
Preloading 0 native plugins for Editor in 0.00 ms.
Unloading 1115 Unused Serialized files (Serialized files now loaded: 0)
System memory in use before: 69.5 MB.
System memory in use after: 69.6 MB.

Unloading 5 unused Assets to reduce memory usage. Loaded Objects now: 2151.
Total: 2.006600 ms (FindLiveObjects: 0.250100 ms CreateObjectMapping: 0.058100 ms MarkObjects: 1.614900 ms  DeleteObjects: 0.082300 ms)

========================================================================
Received Prepare
Registering precompiled user dll's ...
Registered in 0.001182 seconds.
Begin MonoManager ReloadAssembly
Native extension for WindowsStandalone target not found
Refreshing native plugins compatible for Editor in 0.30 ms, found 0 plugins.
Preloading 0 native plugins for Editor in 0.00 ms.
Mono: successfully reloaded assembly
- Completed reload, in  0.975 seconds
Platform modules already initialized, skipping
Refreshing native plugins compatible for Editor in 0.22 ms, found 0 plugins.
Preloading 0 native plugins for Editor in 0.00 ms.
Unloading 1115 Unused Serialized files (Serialized files now loaded: 0)
System memory in use before: 69.5 MB.
System memory in use after: 69.6 MB.

Unloading 5 unused Assets to reduce memory usage. Loaded Objects now: 2154.
Total: 2.559200 ms (FindLiveObjects: 0.237200 ms CreateObjectMapping: 0.069200 ms MarkObjects: 2.147400 ms  DeleteObjects: 0.104500 ms)

========================================================================
Received Prepare
Registering precompiled user dll's ...
Registered in 0.001158 seconds.
Begin MonoManager ReloadAssembly
Native extension for WindowsStandalone target not found
Refreshing native plugins compatible for Editor in 0.33 ms, found 0 plugins.
Preloading 0 native plugins for Editor in 0.00 ms.
Mono: successfully reloaded assembly
- Completed reload, in  0.978 seconds
Platform modules already initialized, skipping
Refreshing native plugins compatible for Editor in 0.28 ms, found 0 plugins.
Preloading 0 native plugins for Editor in 0.00 ms.
Unloading 1115 Unused Serialized files (Serialized files now loaded: 0)
System memory in use before: 69.5 MB.
System memory in use after: 69.6 MB.

Unloading 5 unused Assets to reduce memory usage. Loaded Objects now: 2157.
Total: 2.379500 ms (FindLiveObjects: 0.348000 ms CreateObjectMapping: 0.094000 ms MarkObjects: 1.835400 ms  DeleteObjects: 0.100700 ms)

========================================================================
Received Prepare
Registering precompiled user dll's ...
Registered in 0.001360 seconds.
Begin MonoManager ReloadAssembly
Native extension for WindowsStandalone target not found
Refreshing native plugins compatible for Editor in 0.23 ms, found 0 plugins.
Preloading 0 native plugins for Editor in 0.00 ms.
Mono: successfully reloaded assembly
- Completed reload, in  0.977 seconds
Platform modules already initialized, skipping
Refreshing native plugins compatible for Editor in 0.21 ms, found 0 plugins.
Preloading 0 native plugins for Editor in 0.00 ms.
Unloading 1115 Unused Serialized files (Serialized files now loaded: 0)
System memory in use before: 69.5 MB.
System memory in use after: 69.6 MB.

Unloading 5 unused Assets to reduce memory usage. Loaded Objects now: 2160.
Total: 2.214600 ms (FindLiveObjects: 0.270500 ms CreateObjectMapping: 0.061500 ms MarkObjects: 1.784900 ms  DeleteObjects: 0.096500 ms)

========================================================================
Received Import Request.
  Time since last request: 488.365056 seconds.
  path: Assets/Prefabs/Bullet.prefab
  artifactKey: Guid(229d7fb36be106743b06d4f53ade0ccf) Importer(815301076,1909f56bfc062723c751e8b465ee728b)
Start importing Assets/Prefabs/Bullet.prefab using Guid(229d7fb36be106743b06d4f53ade0ccf) Importer(815301076,1909f56bfc062723c751e8b465ee728b)  -> (artifact id: '3cb5f493cb48aae1ce83f3510312eb06') in 0.068544 seconds
  Import took 0.072501 seconds .

========================================================================
Received Prepare
Registering precompiled user dll's ...
Registered in 0.001302 seconds.
Begin MonoManager ReloadAssembly
Native extension for WindowsStandalone target not found
Refreshing native plugins compatible for Editor in 0.24 ms, found 0 plugins.
Preloading 0 native plugins for Editor in 0.00 ms.
Mono: successfully reloaded assembly
- Completed reload, in  1.094 seconds
Platform modules already initialized, skipping
Refreshing native plugins compatible for Editor in 0.22 ms, found 0 plugins.
Preloading 0 native plugins for Editor in 0.00 ms.
Unloading 1115 Unused Serialized files (Serialized files now loaded: 0)
System memory in use before: 69.6 MB.
System memory in use after: 69.6 MB.

Unloading 5 unused Assets to reduce memory usage. Loaded Objects now: 2164.
Total: 1.762900 ms (FindLiveObjects: 0.167600 ms CreateObjectMapping: 0.055400 ms MarkObjects: 1.485500 ms  DeleteObjects: 0.053600 ms)

========================================================================
Received Import Request.
  Time since last request: 26.339069 seconds.
  path: Assets/Scrips/GameController.cs
  artifactKey: Guid(479eda89547a3ec4a9084999b8bea48b) Importer(815301076,1909f56bfc062723c751e8b465ee728b)
Start importing Assets/Scrips/GameController.cs using Guid(479eda89547a3ec4a9084999b8bea48b) Importer(815301076,1909f56bfc062723c751e8b465ee728b)  -> (artifact id: '7d906cca4038b0bf0becb071dd3ffbf1') in 0.006991 seconds
  Import took 0.011876 seconds .

========================================================================
Received Import Request.
  Time since last request: 0.018220 seconds.
  path: Assets/Scrips/GameController.cs
  artifactKey: Guid(479eda89547a3ec4a9084999b8bea48b) Importer(815301076,1909f56bfc062723c751e8b465ee728b)
Start importing Assets/Scrips/GameController.cs using Guid(479eda89547a3ec4a9084999b8bea48b) Importer(815301076,1909f56bfc062723c751e8b465ee728b)  -> (artifact id: '7d906cca4038b0bf0becb071dd3ffbf1') in 0.005213 seconds
  Import took 0.009808 seconds .

========================================================================
Received Prepare
Registering precompiled user dll's ...
Registered in 0.001483 seconds.
Begin MonoManager ReloadAssembly
Native extension for WindowsStandalone target not found
Refreshing native plugins compatible for Editor in 0.23 ms, found 0 plugins.
Preloading 0 native plugins for Editor in 0.00 ms.
Mono: successfully reloaded assembly
- Completed reload, in  0.984 seconds
Platform modules already initialized, skipping
Refreshing native plugins compatible for Editor in 0.22 ms, found 0 plugins.
Preloading 0 native plugins for Editor in 0.00 ms.
Unloading 1115 Unused Serialized files (Serialized files now loaded: 0)
System memory in use before: 69.5 MB.
System memory in use after: 69.6 MB.

Unloading 5 unused Assets to reduce memory usage. Loaded Objects now: 2167.
Total: 2.154100 ms (FindLiveObjects: 0.300000 ms CreateObjectMapping: 0.053900 ms MarkObjects: 1.696300 ms  DeleteObjects: 0.102500 ms)

========================================================================
Received Prepare
Registering precompiled user dll's ...
Registered in 0.001430 seconds.
Begin MonoManager ReloadAssembly
Native extension for WindowsStandalone target not found
Refreshing native plugins compatible for Editor in 0.22 ms, found 0 plugins.
Preloading 0 native plugins for Editor in 0.00 ms.
Mono: successfully reloaded assembly
- Completed reload, in  0.917 seconds
Platform modules already initialized, skipping
Refreshing native plugins compatible for Editor in 0.22 ms, found 0 plugins.
Preloading 0 native plugins for Editor in 0.00 ms.
Unloading 1115 Unused Serialized files (Serialized files now loaded: 0)
System memory in use before: 69.6 MB.
System memory in use after: 69.7 MB.

Unloading 5 unused Assets to reduce memory usage. Loaded Objects now: 2170.
Total: 2.322000 ms (FindLiveObjects: 0.390300 ms CreateObjectMapping: 0.064900 ms MarkObjects: 1.768900 ms  DeleteObjects: 0.097000 ms)

========================================================================
Received Prepare
Registering precompiled user dll's ...
Registered in 0.001232 seconds.
Begin MonoManager ReloadAssembly
Native extension for WindowsStandalone target not found
Refreshing native plugins compatible for Editor in 0.41 ms, found 0 plugins.
Preloading 0 native plugins for Editor in 0.00 ms.
Mono: successfully reloaded assembly
- Completed reload, in  0.963 seconds
Platform modules already initialized, skipping
Refreshing native plugins compatible for Editor in 0.28 ms, found 0 plugins.
Preloading 0 native plugins for Editor in 0.00 ms.
Unloading 1115 Unused Serialized files (Serialized files now loaded: 0)
System memory in use before: 69.5 MB.
System memory in use after: 69.6 MB.

Unloading 5 unused Assets to reduce memory usage. Loaded Objects now: 2173.
Total: 2.002800 ms (FindLiveObjects: 0.231400 ms CreateObjectMapping: 0.057200 ms MarkObjects: 1.644000 ms  DeleteObjects: 0.069000 ms)

========================================================================
Received Prepare
Registering precompiled user dll's ...
Registered in 0.001070 seconds.
Begin MonoManager ReloadAssembly
Native extension for WindowsStandalone target not found
Refreshing native plugins compatible for Editor in 0.24 ms, found 0 plugins.
Preloading 0 native plugins for Editor in 0.00 ms.
Mono: successfully reloaded assembly
- Completed reload, in  0.961 seconds
Platform modules already initialized, skipping
Refreshing native plugins compatible for Editor in 0.27 ms, found 0 plugins.
Preloading 0 native plugins for Editor in 0.00 ms.
Unloading 1115 Unused Serialized files (Serialized files now loaded: 0)
System memory in use before: 69.6 MB.
System memory in use after: 69.7 MB.

Unloading 5 unused Assets to reduce memory usage. Loaded Objects now: 2176.
Total: 2.134300 ms (FindLiveObjects: 0.323500 ms CreateObjectMapping: 0.088700 ms MarkObjects: 1.635200 ms  DeleteObjects: 0.085500 ms)

========================================================================
Received Prepare
Registering precompiled user dll's ...
Registered in 0.001082 seconds.
Begin MonoManager ReloadAssembly
Native extension for WindowsStandalone target not found
Refreshing native plugins compatible for Editor in 0.47 ms, found 0 plugins.
Preloading 0 native plugins for Editor in 0.00 ms.
Mono: successfully reloaded assembly
- Completed reload, in  1.129 seconds
Platform modules already initialized, skipping
Refreshing native plugins compatible for Editor in 0.42 ms, found 0 plugins.
Preloading 0 native plugins for Editor in 0.00 ms.
Unloading 1115 Unused Serialized files (Serialized files now loaded: 0)
System memory in use before: 69.5 MB.
System memory in use after: 69.6 MB.

Unloading 5 unused Assets to reduce memory usage. Loaded Objects now: 2179.
Total: 3.731400 ms (FindLiveObjects: 0.417300 ms CreateObjectMapping: 0.095600 ms MarkObjects: 3.101800 ms  DeleteObjects: 0.113800 ms)

========================================================================
Received Prepare
Registering precompiled user dll's ...
Registered in 0.001200 seconds.
Begin MonoManager ReloadAssembly
Native extension for WindowsStandalone target not found
Refreshing native plugins compatible for Editor in 0.23 ms, found 0 plugins.
Preloading 0 native plugins for Editor in 0.00 ms.
Mono: successfully reloaded assembly
- Completed reload, in  1.099 seconds
Platform modules already initialized, skipping
Refreshing native plugins compatible for Editor in 0.29 ms, found 0 plugins.
Preloading 0 native plugins for Editor in 0.00 ms.
Unloading 1115 Unused Serialized files (Serialized files now loaded: 0)
System memory in use before: 69.6 MB.
System memory in use after: 69.7 MB.

Unloading 5 unused Assets to reduce memory usage. Loaded Objects now: 2182.
Total: 1.897400 ms (FindLiveObjects: 0.175200 ms CreateObjectMapping: 0.057900 ms MarkObjects: 1.592700 ms  DeleteObjects: 0.070600 ms)

========================================================================
Received Import Request.
  Time since last request: 174.778549 seconds.
  path: ProjectSettings/TagManager.asset
  artifactKey: Guid(00000000000000003000000000000000) Importer(815301076,1909f56bfc062723c751e8b465ee728b)
Start importing ProjectSettings/TagManager.asset using Guid(00000000000000003000000000000000) Importer(815301076,1909f56bfc062723c751e8b465ee728b)  -> (artifact id: '5eb7d260a0bb1321f2cb1b2bad0ed9bd') in 0.015087 seconds
  Import took 0.018867 seconds .

========================================================================
Received Import Request.
  Time since last request: 0.009266 seconds.
  path: ProjectSettings/TagManager.asset
  artifactKey: Guid(00000000000000003000000000000000) Importer(815301076,1909f56bfc062723c751e8b465ee728b)
Start importing ProjectSettings/TagManager.asset using Guid(00000000000000003000000000000000) Importer(815301076,1909f56bfc062723c751e8b465ee728b)  -> (artifact id: '5eb7d260a0bb1321f2cb1b2bad0ed9bd') in 0.005389 seconds
  Import took 0.009177 seconds .

========================================================================
Received Import Request.
  Time since last request: 11.071610 seconds.
  path: Assets/Prefabs/Bullet.prefab
  artifactKey: Guid(229d7fb36be106743b06d4f53ade0ccf) Importer(815301076,1909f56bfc062723c751e8b465ee728b)
Start importing Assets/Prefabs/Bullet.prefab using Guid(229d7fb36be106743b06d4f53ade0ccf) Importer(815301076,1909f56bfc062723c751e8b465ee728b)  -> (artifact id: 'd1a3e85b23c40c2faf0a64c248c94f26') in 0.054399 seconds
  Import took 0.059428 seconds .

========================================================================
Received Prepare
Registering precompiled user dll's ...
Registered in 0.001534 seconds.
Begin MonoManager ReloadAssembly
Native extension for WindowsStandalone target not found
Refreshing native plugins compatible for Editor in 0.23 ms, found 0 plugins.
Preloading 0 native plugins for Editor in 0.00 ms.
Mono: successfully reloaded assembly
- Completed reload, in  0.955 seconds
Platform modules already initialized, skipping
Refreshing native plugins compatible for Editor in 0.22 ms, found 0 plugins.
Preloading 0 native plugins for Editor in 0.00 ms.
Unloading 1115 Unused Serialized files (Serialized files now loaded: 0)
System memory in use before: 69.6 MB.
System memory in use after: 69.6 MB.

Unloading 7 unused Assets to reduce memory usage. Loaded Objects now: 2186.
Total: 1.839200 ms (FindLiveObjects: 0.177500 ms CreateObjectMapping: 0.055800 ms MarkObjects: 1.546500 ms  DeleteObjects: 0.058200 ms)

========================================================================
Received Prepare
Registering precompiled user dll's ...
Registered in 0.001226 seconds.
Begin MonoManager ReloadAssembly
Native extension for WindowsStandalone target not found
Refreshing native plugins compatible for Editor in 0.30 ms, found 0 plugins.
Preloading 0 native plugins for Editor in 0.00 ms.
Mono: successfully reloaded assembly
- Completed reload, in  0.921 seconds
Platform modules already initialized, skipping
Refreshing native plugins compatible for Editor in 0.23 ms, found 0 plugins.
Preloading 0 native plugins for Editor in 0.00 ms.
Unloading 1115 Unused Serialized files (Serialized files now loaded: 0)
System memory in use before: 69.6 MB.
System memory in use after: 69.7 MB.

Unloading 5 unused Assets to reduce memory usage. Loaded Objects now: 2189.
Total: 2.212700 ms (FindLiveObjects: 0.206400 ms CreateObjectMapping: 0.100600 ms MarkObjects: 1.846600 ms  DeleteObjects: 0.058000 ms)

========================================================================
Received Import Request.
  Time since last request: 383.208992 seconds.
  path: Assets/Prefabs/Enemy.prefab
  artifactKey: Guid(ba1c21da7d893dc40877ed796ac90b5d) Importer(815301076,1909f56bfc062723c751e8b465ee728b)
Start importing Assets/Prefabs/Enemy.prefab using Guid(ba1c21da7d893dc40877ed796ac90b5d) Importer(815301076,1909f56bfc062723c751e8b465ee728b)  -> (artifact id: '96a8d1523ac868e7172ed49109d10e88') in 0.060908 seconds
  Import took 0.064759 seconds .

========================================================================
Received Import Request.
  Time since last request: 61.820033 seconds.
  path: Assets/Prefabs/Enemy.prefab
  artifactKey: Guid(ba1c21da7d893dc40877ed796ac90b5d) Importer(815301076,1909f56bfc062723c751e8b465ee728b)
Start importing Assets/Prefabs/Enemy.prefab using Guid(ba1c21da7d893dc40877ed796ac90b5d) Importer(815301076,1909f56bfc062723c751e8b465ee728b)  -> (artifact id: '976ef81878652f74bd97752ea3c07f4d') in 0.012179 seconds
  Import took 0.016430 seconds .

========================================================================
Received Import Request.
  Time since last request: 13.049073 seconds.
  path: Assets/Prefabs/Player.prefab
  artifactKey: Guid(9419edd3cda06aa4fb00fbbe25584197) Importer(815301076,1909f56bfc062723c751e8b465ee728b)
Start importing Assets/Prefabs/Player.prefab using Guid(9419edd3cda06aa4fb00fbbe25584197) Importer(815301076,1909f56bfc062723c751e8b465ee728b)  -> (artifact id: 'c3035fa02abcac6199b422e829acb233') in 0.014077 seconds
  Import took 0.018327 seconds .

========================================================================
Received Import Request.
  Time since last request: 16.672023 seconds.
  path: Assets/Prefabs/Enemy.prefab
  artifactKey: Guid(ba1c21da7d893dc40877ed796ac90b5d) Importer(815301076,1909f56bfc062723c751e8b465ee728b)
Start importing Assets/Prefabs/Enemy.prefab using Guid(ba1c21da7d893dc40877ed796ac90b5d) Importer(815301076,1909f56bfc062723c751e8b465ee728b)  -> (artifact id: '6539bc3c745d61466651b655b54027e2') in 0.014203 seconds
  Import took 0.018227 seconds .

========================================================================
Received Prepare
Registering precompiled user dll's ...
Registered in 0.001162 seconds.
Begin MonoManager ReloadAssembly
Native extension for WindowsStandalone target not found
Refreshing native plugins compatible for Editor in 0.22 ms, found 0 plugins.
Preloading 0 native plugins for Editor in 0.00 ms.
Mono: successfully reloaded assembly
- Completed reload, in  0.987 seconds
Platform modules already initialized, skipping
Refreshing native plugins compatible for Editor in 0.21 ms, found 0 plugins.
Preloading 0 native plugins for Editor in 0.00 ms.
Unloading 1115 Unused Serialized files (Serialized files now loaded: 0)
System memory in use before: 69.6 MB.
System memory in use after: 69.7 MB.

Unloading 5 unused Assets to reduce memory usage. Loaded Objects now: 2193.
Total: 2.135300 ms (FindLiveObjects: 0.194500 ms CreateObjectMapping: 0.058400 ms MarkObjects: 1.770000 ms  DeleteObjects: 0.111700 ms)

========================================================================
Received Prepare
Registering precompiled user dll's ...
Registered in 0.001025 seconds.
Begin MonoManager ReloadAssembly
Native extension for WindowsStandalone target not found
Refreshing native plugins compatible for Editor in 0.24 ms, found 0 plugins.
Preloading 0 native plugins for Editor in 0.00 ms.
Mono: successfully reloaded assembly
- Completed reload, in  0.937 seconds
Platform modules already initialized, skipping
Refreshing native plugins compatible for Editor in 0.21 ms, found 0 plugins.
Preloading 0 native plugins for Editor in 0.00 ms.
Unloading 1115 Unused Serialized files (Serialized files now loaded: 0)
System memory in use before: 69.6 MB.
System memory in use after: 69.7 MB.

Unloading 5 unused Assets to reduce memory usage. Loaded Objects now: 2196.
Total: 2.199800 ms (FindLiveObjects: 0.338300 ms CreateObjectMapping: 0.095800 ms MarkObjects: 1.665000 ms  DeleteObjects: 0.099800 ms)

========================================================================
Received Prepare
Registering precompiled user dll's ...
Registered in 0.001191 seconds.
Begin MonoManager ReloadAssembly
Native extension for WindowsStandalone target not found
Refreshing native plugins compatible for Editor in 0.25 ms, found 0 plugins.
Preloading 0 native plugins for Editor in 0.00 ms.
Mono: successfully reloaded assembly
- Completed reload, in  0.978 seconds
Platform modules already initialized, skipping
Refreshing native plugins compatible for Editor in 0.21 ms, found 0 plugins.
Preloading 0 native plugins for Editor in 0.00 ms.
Unloading 1115 Unused Serialized files (Serialized files now loaded: 0)
System memory in use before: 69.6 MB.
System memory in use after: 69.7 MB.

Unloading 5 unused Assets to reduce memory usage. Loaded Objects now: 2199.
Total: 2.255500 ms (FindLiveObjects: 0.252600 ms CreateObjectMapping: 0.094700 ms MarkObjects: 1.809500 ms  DeleteObjects: 0.097700 ms)

========================================================================
Received Prepare
Registering precompiled user dll's ...
Registered in 0.001243 seconds.
Begin MonoManager ReloadAssembly
Native extension for WindowsStandalone target not found
Refreshing native plugins compatible for Editor in 0.23 ms, found 0 plugins.
Preloading 0 native plugins for Editor in 0.00 ms.
Mono: successfully reloaded assembly
- Completed reload, in  0.926 seconds
Platform modules already initialized, skipping
Refreshing native plugins compatible for Editor in 0.21 ms, found 0 plugins.
Preloading 0 native plugins for Editor in 0.00 ms.
Unloading 1115 Unused Serialized files (Serialized files now loaded: 0)
System memory in use before: 69.6 MB.
System memory in use after: 69.7 MB.

Unloading 5 unused Assets to reduce memory usage. Loaded Objects now: 2202.
Total: 2.351100 ms (FindLiveObjects: 0.296000 ms CreateObjectMapping: 0.097100 ms MarkObjects: 1.872400 ms  DeleteObjects: 0.084500 ms)

AssetImportWorkerClient::OnTransportError - code=2 error=End of file
